test_upper_case_names (__main__.TestExercice) ... ERROR

======================================================================
ERROR: test_upper_case_names (__main__.TestExercice)
----------------------------------------------------------------------
Traceback (most recent call last):
  File "test_exercice.py", line 17, in test_upper_case_names
    output = list(map(exercice.majuscule, altered_words))
  File "/home/runner/work/c03_ch2_ecriture-LaurentNg/c03_ch2_ecriture-LaurentNg/exercice.py", line 10, in majuscule
    nombre += chr(nombre)
TypeError: unsupported operand type(s) for +=: 'int' and 'str'

----------------------------------------------------------------------
Ran 1 test in 0.000s

FAILED (errors=1)
